# JRE version: OpenJDK Runtime Environment 18.9 (11.0.11+9) (build 11.0.11+9)
# Java VM: OpenJDK 64-Bit Server VM 18.9 (11.0.11+9, mixed mode, tiered, compressed oops, g1 gc, windows-amd64)
Heap:
 garbage-first heap   total 262144K, used 160869K [0x0000000740000000, 0x0000000800000000)
  region size 1024K, 59 young (60416K), 1 survivors (1024K)
 Metaspace       used 99148K, capacity 100671K, committed 103728K, reserved 1138688K
  class space    used 12242K, capacity 12886K, committed 13952K, reserved 1048576K
GC Heap History (20 events):
Event: 5402.791 GC heap before
{Heap before GC invocations=536 (full 151):
 garbage-first heap   total 262144K, used 161399K [0x0000000740000000, 0x0000000800000000)
  region size 1024K, 60 young (61440K), 4 survivors (4096K)
 Metaspace       used 99109K, capacity 100602K, committed 103728K, reserved 1138688K
  class space    used 12242K, capacity 12886K, committed 13952K, reserved 1048576K
}
Event: 5402.801 GC heap after
{Heap after GC invocations=537 (full 151):
 garbage-first heap   total 262144K, used 104282K [0x0000000740000000, 0x0000000800000000)
  region size 1024K, 4 young (4096K), 4 survivors (4096K)
 Metaspace       used 99109K, capacity 100602K, committed 103728K, reserved 1138688K
  class space    used 12242K, capacity 12886K, committed 13952K, reserved 1048576K
}
Event: 5446.085 GC heap before
{Heap before GC invocations=537 (full 151):
 garbage-first heap   total 262144K, used 160602K [0x0000000740000000, 0x0000000800000000)
  region size 1024K, 60 young (61440K), 4 survivors (4096K)
 Metaspace       used 99110K, capacity 100602K, committed 103728K, reserved 1138688K
  class space    used 12242K, capacity 12886K, committed 13952K, reserved 1048576K
}
Event: 5446.091 GC heap after
{Heap after GC invocations=538 (full 151):
 garbage-first heap   total 262144K, used 104090K [0x0000000740000000, 0x0000000800000000)
  region size 1024K, 4 young (4096K), 4 survivors (4096K)
 Metaspace       used 99110K, capacity 100602K, committed 103728K, reserved 1138688K
  class space    used 12242K, capacity 12886K, committed 13952K, reserved 1048576K
}
Event: 5482.260 GC heap before
{Heap before GC invocations=538 (full 151):
 garbage-first heap   total 262144K, used 161434K [0x0000000740000000, 0x0000000800000000)
  region size 1024K, 60 young (61440K), 4 survivors (4096K)
 Metaspace       used 99111K, capacity 100602K, committed 103728K, reserved 1138688K
  class space    used 12242K, capacity 12886K, committed 13952K, reserved 1048576K
}
Event: 5482.270 GC heap after
{Heap after GC invocations=539 (full 151):
 garbage-first heap   total 262144K, used 103925K [0x0000000740000000, 0x0000000800000000)
  region size 1024K, 4 young (4096K), 4 survivors (4096K)
 Metaspace       used 99111K, capacity 100602K, committed 103728K, reserved 1138688K
  class space    used 12242K, capacity 12886K, committed 13952K, reserved 1048576K
}
Event: 5528.167 GC heap before
{Heap before GC invocations=539 (full 151):
 garbage-first heap   total 262144K, used 161269K [0x0000000740000000, 0x0000000800000000)
  region size 1024K, 60 young (61440K), 4 survivors (4096K)
 Metaspace       used 99117K, capacity 100602K, committed 103728K, reserved 1138688K
  class space    used 12242K, capacity 12886K, committed 13952K, reserved 1048576K
}
Event: 5528.177 GC heap after
{Heap after GC invocations=540 (full 151):
 garbage-first heap   total 262144K, used 103995K [0x0000000740000000, 0x0000000800000000)
  region size 1024K, 4 young (4096K), 4 survivors (4096K)
 Metaspace       used 99117K, capacity 100602K, committed 103728K, reserved 1138688K
  class space    used 12242K, capacity 12886K, committed 13952K, reserved 1048576K
}
Event: 5549.038 GC heap before
{Heap before GC invocations=540 (full 151):
 garbage-first heap   total 262144K, used 161339K [0x0000000740000000, 0x0000000800000000)
  region size 1024K, 60 young (61440K), 4 survivors (4096K)
 Metaspace       used 99118K, capacity 100602K, committed 103728K, reserved 1138688K
  class space    used 12242K, capacity 12886K, committed 13952K, reserved 1048576K
}
Event: 5549.047 GC heap after
{Heap after GC invocations=541 (full 151):
 garbage-first heap   total 262144K, used 103922K [0x0000000740000000, 0x0000000800000000)
  region size 1024K, 4 young (4096K), 4 survivors (4096K)
 Metaspace       used 99118K, capacity 100602K, committed 103728K, reserved 1138688K
  class space    used 12242K, capacity 12886K, committed 13952K, reserved 1048576K
}
Event: 5563.801 GC heap before
{Heap before GC invocations=541 (full 151):
 garbage-first heap   total 262144K, used 161266K [0x0000000740000000, 0x0000000800000000)
  region size 1024K, 60 young (61440K), 4 survivors (4096K)
 Metaspace       used 99133K, capacity 100670K, committed 103728K, reserved 1138688K
  class space    used 12242K, capacity 12886K, committed 13952K, reserved 1048576K
}
Event: 5563.809 GC heap after
{Heap after GC invocations=542 (full 151):
 garbage-first heap   total 262144K, used 106847K [0x0000000740000000, 0x0000000800000000)
  region size 1024K, 6 young (6144K), 6 survivors (6144K)
 Metaspace       used 99133K, capacity 100670K, committed 103728K, reserved 1138688K
  class space    used 12242K, capacity 12886K, committed 13952K, reserved 1048576K
}
Event: 5564.385 GC heap before
{Heap before GC invocations=542 (full 151):
 garbage-first heap   total 262144K, used 153951K [0x0000000740000000, 0x0000000800000000)
  region size 1024K, 50 young (51200K), 6 survivors (6144K)
 Metaspace       used 99141K, capacity 100670K, committed 103728K, reserved 1138688K
  class space    used 12242K, capacity 12886K, committed 13952K, reserved 1048576K
}
Event: 5564.530 GC heap after
{Heap after GC invocations=543 (full 152):
 garbage-first heap   total 262144K, used 101881K [0x0000000740000000, 0x0000000800000000)
  region size 1024K, 0 young (0K), 0 survivors (0K)
 Metaspace       used 99141K, capacity 100670K, committed 103728K, reserved 1138688K
  class space    used 12242K, capacity 12886K, committed 13952K, reserved 1048576K
}
Event: 5571.129 GC heap before
{Heap before GC invocations=543 (full 152):
 garbage-first heap   total 262144K, used 163321K [0x0000000740000000, 0x0000000800000000)
  region size 1024K, 60 young (61440K), 0 survivors (0K)
 Metaspace       used 99142K, capacity 100670K, committed 103728K, reserved 1138688K
  class space    used 12242K, capacity 12886K, committed 13952K, reserved 1048576K
}
Event: 5571.134 GC heap after
{Heap after GC invocations=544 (full 152):
 garbage-first heap   total 262144K, used 102898K [0x0000000740000000, 0x0000000800000000)
  region size 1024K, 1 young (1024K), 1 survivors (1024K)
 Metaspace       used 99142K, capacity 100670K, committed 103728K, reserved 1138688K
  class space    used 12242K, capacity 12886K, committed 13952K, reserved 1048576K
}
Event: 5576.709 GC heap before
{Heap before GC invocations=544 (full 152):
 garbage-first heap   total 262144K, used 163314K [0x0000000740000000, 0x0000000800000000)
  region size 1024K, 60 young (61440K), 1 survivors (1024K)
 Metaspace       used 99144K, capacity 100670K, committed 103728K, reserved 1138688K
  class space    used 12242K, capacity 12886K, committed 13952K, reserved 1048576K
}
Event: 5576.712 GC heap after
{Heap after GC invocations=545 (full 152):
 garbage-first heap   total 262144K, used 102455K [0x0000000740000000, 0x0000000800000000)
  region size 1024K, 1 young (1024K), 1 survivors (1024K)
 Metaspace       used 99144K, capacity 100670K, committed 103728K, reserved 1138688K
  class space    used 12242K, capacity 12886K, committed 13952K, reserved 1048576K
}
Event: 5582.081 GC heap before
{Heap before GC invocations=545 (full 152):
 garbage-first heap   total 262144K, used 162871K [0x0000000740000000, 0x0000000800000000)
  region size 1024K, 60 young (61440K), 1 survivors (1024K)
 Metaspace       used 99146K, capacity 100670K, committed 103728K, reserved 1138688K
  class space    used 12242K, capacity 12886K, committed 13952K, reserved 1048576K
}
Event: 5582.086 GC heap after
{Heap after GC invocations=546 (full 152):
 garbage-first heap   total 262144K, used 102501K [0x0000000740000000, 0x0000000800000000)
  region size 1024K, 1 young (1024K), 1 survivors (1024K)
 Metaspace       used 99146K, capacity 100670K, committed 103728K, reserved 1138688K
  class space    used 12242K, capacity 12886K, committed 13952K, reserved 1048576K
}

