# JRE version: OpenJDK Runtime Environment 18.9 (11.0.11+9) (build 11.0.11+9)
# Java VM: OpenJDK 64-Bit Server VM 18.9 (11.0.11+9, mixed mode, tiered, compressed oops, g1 gc, windows-amd64)
Heap:
 garbage-first heap   total 262144K, used 133374K [0x0000000740000000, 0x0000000800000000)
  region size 1024K, 53 young (54272K), 1 survivors (1024K)
 Metaspace       used 90056K, capacity 92393K, committed 92720K, reserved 1128448K
  class space    used 11752K, capacity 12805K, committed 12928K, reserved 1048576K
GC Heap History (20 events):
Event: 481.411 GC heap before
{Heap before GC invocations=52 (full 14):
 garbage-first heap   total 262144K, used 138745K [0x0000000740000000, 0x0000000800000000)
  region size 1024K, 60 young (61440K), 1 survivors (1024K)
 Metaspace       used 88869K, capacity 91212K, committed 91312K, reserved 1128448K
  class space    used 11690K, capacity 12762K, committed 12800K, reserved 1048576K
}
Event: 481.415 GC heap after
{Heap after GC invocations=53 (full 14):
 garbage-first heap   total 262144K, used 79568K [0x0000000740000000, 0x0000000800000000)
  region size 1024K, 2 young (2048K), 2 survivors (2048K)
 Metaspace       used 88869K, capacity 91212K, committed 91312K, reserved 1128448K
  class space    used 11690K, capacity 12762K, committed 12800K, reserved 1048576K
}
Event: 483.748 GC heap before
{Heap before GC invocations=53 (full 14):
 garbage-first heap   total 262144K, used 138960K [0x0000000740000000, 0x0000000800000000)
  region size 1024K, 60 young (61440K), 2 survivors (2048K)
 Metaspace       used 89116K, capacity 91502K, committed 91568K, reserved 1128448K
  class space    used 11702K, capacity 12766K, committed 12800K, reserved 1048576K
}
Event: 483.761 GC heap after
{Heap after GC invocations=54 (full 14):
 garbage-first heap   total 262144K, used 81766K [0x0000000740000000, 0x0000000800000000)
  region size 1024K, 4 young (4096K), 4 survivors (4096K)
 Metaspace       used 89116K, capacity 91502K, committed 91568K, reserved 1128448K
  class space    used 11702K, capacity 12766K, committed 12800K, reserved 1048576K
}
Event: 504.563 GC heap before
{Heap before GC invocations=54 (full 14):
 garbage-first heap   total 262144K, used 139110K [0x0000000740000000, 0x0000000800000000)
  region size 1024K, 60 young (61440K), 4 survivors (4096K)
 Metaspace       used 89549K, capacity 91924K, committed 92080K, reserved 1128448K
  class space    used 11748K, capacity 12800K, committed 12800K, reserved 1048576K
}
Event: 504.571 GC heap after
{Heap after GC invocations=55 (full 14):
 garbage-first heap   total 262144K, used 81846K [0x0000000740000000, 0x0000000800000000)
  region size 1024K, 5 young (5120K), 5 survivors (5120K)
 Metaspace       used 89549K, capacity 91924K, committed 92080K, reserved 1128448K
  class space    used 11748K, capacity 12800K, committed 12800K, reserved 1048576K
}
Event: 624.365 GC heap before
{Heap before GC invocations=55 (full 14):
 garbage-first heap   total 262144K, used 138166K [0x0000000740000000, 0x0000000800000000)
  region size 1024K, 60 young (61440K), 5 survivors (5120K)
 Metaspace       used 89599K, capacity 91988K, committed 92080K, reserved 1128448K
  class space    used 11749K, capacity 12800K, committed 12800K, reserved 1048576K
}
Event: 624.378 GC heap after
{Heap after GC invocations=56 (full 14):
 garbage-first heap   total 262144K, used 82137K [0x0000000740000000, 0x0000000800000000)
  region size 1024K, 5 young (5120K), 5 survivors (5120K)
 Metaspace       used 89599K, capacity 91988K, committed 92080K, reserved 1128448K
  class space    used 11749K, capacity 12800K, committed 12800K, reserved 1048576K
}
Event: 636.148 GC heap before
{Heap before GC invocations=56 (full 14):
 garbage-first heap   total 262144K, used 138457K [0x0000000740000000, 0x0000000800000000)
  region size 1024K, 60 young (61440K), 5 survivors (5120K)
 Metaspace       used 89734K, capacity 92133K, committed 92464K, reserved 1128448K
  class space    used 11751K, capacity 12804K, committed 12928K, reserved 1048576K
}
Event: 636.155 GC heap after
{Heap after GC invocations=57 (full 14):
 garbage-first heap   total 262144K, used 83949K [0x0000000740000000, 0x0000000800000000)
  region size 1024K, 7 young (7168K), 7 survivors (7168K)
 Metaspace       used 89734K, capacity 92133K, committed 92464K, reserved 1128448K
  class space    used 11751K, capacity 12804K, committed 12928K, reserved 1048576K
}
Event: 637.079 GC heap before
{Heap before GC invocations=57 (full 14):
 garbage-first heap   total 262144K, used 138221K [0x0000000740000000, 0x0000000800000000)
  region size 1024K, 60 young (61440K), 7 survivors (7168K)
 Metaspace       used 89832K, capacity 92197K, committed 92464K, reserved 1128448K
  class space    used 11751K, capacity 12804K, committed 12928K, reserved 1048576K
}
Event: 637.086 GC heap after
{Heap after GC invocations=58 (full 14):
 garbage-first heap   total 262144K, used 86172K [0x0000000740000000, 0x0000000800000000)
  region size 1024K, 6 young (6144K), 6 survivors (6144K)
 Metaspace       used 89832K, capacity 92197K, committed 92464K, reserved 1128448K
  class space    used 11751K, capacity 12804K, committed 12928K, reserved 1048576K
}
Event: 637.451 GC heap before
{Heap before GC invocations=58 (full 14):
 garbage-first heap   total 262144K, used 104604K [0x0000000740000000, 0x0000000800000000)
  region size 1024K, 22 young (22528K), 6 survivors (6144K)
 Metaspace       used 89881K, capacity 92261K, committed 92464K, reserved 1128448K
  class space    used 11751K, capacity 12804K, committed 12928K, reserved 1048576K
}
Event: 637.562 GC heap after
{Heap after GC invocations=59 (full 15):
 garbage-first heap   total 262144K, used 79233K [0x0000000740000000, 0x0000000800000000)
  region size 1024K, 0 young (0K), 0 survivors (0K)
 Metaspace       used 89881K, capacity 92261K, committed 92464K, reserved 1128448K
  class space    used 11751K, capacity 12804K, committed 12928K, reserved 1048576K
}
Event: 650.242 GC heap before
{Heap before GC invocations=59 (full 15):
 garbage-first heap   total 262144K, used 140673K [0x0000000740000000, 0x0000000800000000)
  region size 1024K, 60 young (61440K), 0 survivors (0K)
 Metaspace       used 89955K, capacity 92325K, committed 92464K, reserved 1128448K
  class space    used 11751K, capacity 12804K, committed 12928K, reserved 1048576K
}
Event: 650.247 GC heap after
{Heap after GC invocations=60 (full 15):
 garbage-first heap   total 262144K, used 80242K [0x0000000740000000, 0x0000000800000000)
  region size 1024K, 1 young (1024K), 1 survivors (1024K)
 Metaspace       used 89955K, capacity 92325K, committed 92464K, reserved 1128448K
  class space    used 11751K, capacity 12804K, committed 12928K, reserved 1048576K
}
Event: 657.241 GC heap before
{Heap before GC invocations=60 (full 15):
 garbage-first heap   total 262144K, used 141682K [0x0000000740000000, 0x0000000800000000)
  region size 1024K, 60 young (61440K), 1 survivors (1024K)
 Metaspace       used 89989K, capacity 92390K, committed 92720K, reserved 1128448K
  class space    used 11751K, capacity 12804K, committed 12928K, reserved 1048576K
}
Event: 657.245 GC heap after
{Heap after GC invocations=61 (full 15):
 garbage-first heap   total 262144K, used 81096K [0x0000000740000000, 0x0000000800000000)
  region size 1024K, 1 young (1024K), 1 survivors (1024K)
 Metaspace       used 89989K, capacity 92390K, committed 92720K, reserved 1128448K
  class space    used 11751K, capacity 12804K, committed 12928K, reserved 1048576K
}
Event: 663.594 GC heap before
{Heap before GC invocations=61 (full 15):
 garbage-first heap   total 262144K, used 141512K [0x0000000740000000, 0x0000000800000000)
  region size 1024K, 60 young (61440K), 1 survivors (1024K)
 Metaspace       used 90033K, capacity 92390K, committed 92720K, reserved 1128448K
  class space    used 11751K, capacity 12804K, committed 12928K, reserved 1048576K
}
Event: 663.600 GC heap after
{Heap after GC invocations=62 (full 15):
 garbage-first heap   total 262144K, used 81150K [0x0000000740000000, 0x0000000800000000)
  region size 1024K, 1 young (1024K), 1 survivors (1024K)
 Metaspace       used 90033K, capacity 92390K, committed 92720K, reserved 1128448K
  class space    used 11751K, capacity 12804K, committed 12928K, reserved 1048576K
}

